<?xml version="1.0" encoding="UTF-8"?>
<!-- Generated by org.testng.reporters.JUnitReportReporter -->
<testsuite hostname="DESKTOP-0HPMM13" failures="0" tests="1" name="testes.Tc1" time="13.163" errors="0" timestamp="2023-11-05T12:39:12 IST" skipped="0">
  <testcase classname="testes.Tc1" name="verifyLogin" time="13.163"/>
</testsuite> <!-- testes.Tc1 -->
